RebuildStarted /dev/md0 
Fail /dev/md1 /dev/sdb2
FailSpare /dev/md0 /dev/sdb1
RebuildFinished /dev/md0 
Fri Nov  1 22:04:08 UTC 2013: SpareActive /dev/md1 /dev/sdb2
Fri Nov  1 22:04:25 UTC 2013: RebuildStarted /dev/md0 
Fri Nov  1 22:04:25 UTC 2013: FailSpare /dev/md0 /dev/sdb1
Fri Nov  1 22:04:26 UTC 2013: Fail /dev/md1 /dev/sdb2
Fri Nov  1 22:04:27 UTC 2013: RebuildFinished /dev/md0 
Fri Nov  1 22:08:09 UTC 2013: SpareActive /dev/md1 /dev/sdb2
Fri Nov  1 22:08:21 UTC 2013: RebuildStarted /dev/md0 
Fri Nov  1 22:08:22 UTC 2013: Fail /dev/md1 /dev/sdb2
Fri Nov  1 22:08:22 UTC 2013: FailSpare /dev/md0 /dev/sdb1
Fri Nov  1 22:08:23 UTC 2013: RebuildFinished /dev/md0 
Fri Nov  1 22:13:19 UTC 2013: SpareActive /dev/md1 /dev/sdb2
Fri Nov  1 22:13:36 UTC 2013: RebuildStarted /dev/md0 
Fri Nov  1 22:13:46 UTC 2013: RebuildFinished /dev/md0 
Fri Nov  1 22:13:46 UTC 2013: SpareActive /dev/md0 
Fri Nov  1 22:13:57 UTC 2013: RebuildFinished /dev/md1 
Fri Nov  1 22:13:58 UTC 2013: SpareActive /dev/md1 /dev/sdb2
Fri Nov  1 22:14:34 UTC 2013: Fail /dev/md1 /dev/sdb2
Fri Nov  1 22:14:34 UTC 2013: SpareActive /dev/md1 /dev/sdb2
Fri Nov  1 22:18:43 UTC 2013: Fail /dev/md0 
Fri Nov  1 22:18:43 UTC 2013: FailSpare /dev/md0 /dev/sdb1
Fri Nov  1 22:19:00 UTC 2013: RebuildStarted /dev/md0 
Fri Nov  1 22:19:04 UTC 2013: Rebuild42 /dev/md0 
Fri Nov  1 22:19:10 UTC 2013: RebuildFinished /dev/md0 
Fri Nov  1 22:19:10 UTC 2013: SpareActive /dev/md0 
Fri Nov  1 22:19:19 UTC 2013: RebuildFinished /dev/md1 
Fri Nov  1 22:19:20 UTC 2013: SpareActive /dev/md1 /dev/sdc2
Fri Nov  1 22:20:18 UTC 2013: Fail /dev/md1 /dev/sdc2
Fri Nov  1 22:20:19 UTC 2013: Fail /dev/md0 
Fri Nov  1 22:20:19 UTC 2013: SpareActive /dev/md1 /dev/sdc2
Fri Nov  1 22:54:12 UTC 2013: RebuildStarted /dev/md0 
Fri Nov  1 22:54:22 UTC 2013: RebuildFinished /dev/md0 
Fri Nov  1 22:54:22 UTC 2013: SpareActive /dev/md0 
Fri Nov  1 22:54:32 UTC 2013: RebuildFinished /dev/md1 
Fri Nov  1 22:54:32 UTC 2013: SpareActive /dev/md1 /dev/sdb2
Fri Nov  1 22:57:18 UTC 2013: Fail /dev/md1 /dev/sdb2
Fri Nov  1 22:57:19 UTC 2013: FailSpare /dev/md0 /dev/sdb1
Fri Nov  1 22:57:19 UTC 2013: SpareActive /dev/md1 /dev/sdb2
Fri Nov  1 22:57:52 UTC 2013: RebuildStarted /dev/md0 
Fri Nov  1 22:57:52 UTC 2013: Fail /dev/md0 
Fri Nov  1 22:57:52 UTC 2013: FailSpare /dev/md0 /dev/sdc1
Fri Nov  1 22:57:52 UTC 2013: Fail /dev/md1 /dev/sdc2
Fri Nov  1 22:57:54 UTC 2013: RebuildFinished /dev/md0 
Fri Nov  1 22:59:01 UTC 2013: SpareActive /dev/md1 /dev/sdc2
Fri Nov  1 22:59:40 UTC 2013: RebuildStarted /dev/md0 
Fri Nov  1 22:59:40 UTC 2013: Fail /dev/md1 /dev/sdb2
Fri Nov  1 22:59:41 UTC 2013: FailSpare /dev/md0 /dev/sdb1
Fri Nov  1 22:59:42 UTC 2013: RebuildFinished /dev/md0 
Fri Nov  1 23:03:51 UTC 2013: DegradedArray /dev/md1 
Fri Nov  1 23:03:51 UTC 2013: DegradedArray /dev/md0 
Fri Nov  1 23:03:59 UTC 2013: RebuildStarted /dev/md0 
Fri Nov  1 23:04:10 UTC 2013: RebuildFinished /dev/md0 
Fri Nov  1 23:04:10 UTC 2013: SpareActive /dev/md0 
Fri Nov  1 23:04:29 UTC 2013: RebuildFinished /dev/md1 
Fri Nov  1 23:04:29 UTC 2013: SpareActive /dev/md1 /dev/sdb2
Fri Nov  1 23:13:07 UTC 2013: Fail /dev/md1 /dev/sdb2
Fri Nov  1 23:13:08 UTC 2013: FailSpare /dev/md0 /dev/sdb1
Fri Nov  1 23:13:08 UTC 2013: SpareActive /dev/md1 /dev/sdb2
Fri Nov  1 23:13:41 UTC 2013: RebuildStarted /dev/md0 
Fri Nov  1 23:13:41 UTC 2013: Fail /dev/md0 
Fri Nov  1 23:13:41 UTC 2013: Fail /dev/md1 /dev/sdc2
Fri Nov  1 23:13:42 UTC 2013: FailSpare /dev/md0 /dev/sdc1
Fri Nov  1 23:13:42 UTC 2013: RebuildFinished /dev/md0 
Sat Nov  2 19:46:21 UTC 2013: RebuildStarted /dev/md0 
Sat Nov  2 19:46:40 UTC 2013: RebuildFinished /dev/md0 
Sat Nov  2 19:47:04 UTC 2013: SpareActive /dev/md1 /dev/sdc2
Sat Nov  2 19:47:12 UTC 2013: RebuildStarted /dev/md0 
Sat Nov  2 19:47:22 UTC 2013: RebuildFinished /dev/md0 
Sat Nov  2 19:47:22 UTC 2013: SpareActive /dev/md0 
Sat Nov  2 19:47:36 UTC 2013: RebuildFinished /dev/md1 
Sat Nov  2 19:47:37 UTC 2013: SpareActive /dev/md1 /dev/sdc2
Sat Nov  2 19:53:28 UTC 2013: RebuildStarted /dev/md0 
Sat Nov  2 19:53:39 UTC 2013: RebuildFinished /dev/md0 
Sat Nov  2 19:53:52 UTC 2013: Fail /dev/md0 
Sat Nov  2 19:53:52 UTC 2013: FailSpare /dev/md0 /dev/sdc1
Sat Nov  2 19:53:52 UTC 2013: Fail /dev/md1 /dev/sdc2
Sat Nov  2 19:54:07 UTC 2013: RebuildStarted /dev/md0 
Sat Nov  2 19:54:17 UTC 2013: RebuildFinished /dev/md0 
Sat Nov  2 19:54:17 UTC 2013: SpareActive /dev/md0 
Sat Nov  2 19:54:25 UTC 2013: RebuildFinished /dev/md1 
Sat Nov  2 19:54:26 UTC 2013: SpareActive /dev/md1 /dev/sdc2
Sat Nov  2 20:04:26 UTC 2013: Fail /dev/md0 
Sat Nov  2 20:04:26 UTC 2013: FailSpare /dev/md0 /dev/sdc1
Sat Nov  2 20:04:26 UTC 2013: Fail /dev/md1 /dev/sdc2
Sat Nov  2 20:06:06 UTC 2013: RebuildFinished /dev/md0 
Sat Nov  2 20:06:06 UTC 2013: SpareActive /dev/md0 
Sat Nov  2 20:06:17 UTC 2013: RebuildFinished /dev/md1 
Sat Nov  2 20:06:18 UTC 2013: SpareActive /dev/md1 /dev/sdc2
Sat Nov  2 20:19:46 UTC 2013: Fail /dev/md0 
Sat Nov  2 20:19:46 UTC 2013: FailSpare /dev/md0 /dev/sdc1
Sat Nov  2 20:19:46 UTC 2013: Fail /dev/md1 /dev/sdc2
Sat Nov  2 20:21:11 UTC 2013: RebuildStarted /dev/md0 
Sat Nov  2 20:21:21 UTC 2013: RebuildFinished /dev/md0 
Sat Nov  2 20:21:21 UTC 2013: SpareActive /dev/md0 
Sat Nov  2 20:21:28 UTC 2013: RebuildFinished /dev/md1 
Sat Nov  2 20:21:29 UTC 2013: SpareActive /dev/md1 /dev/sdc2
Sun Nov  3 01:00:06 UTC 2013: RebuildFinished /dev/md0 
Sun Nov  3 01:01:01 UTC 2013: RebuildStarted /dev/md1 
Sun Nov  3 01:10:49 UTC 2013: RebuildFinished /dev/md1 
Tue Nov  5 17:58:22 UTC 2013: Fail /dev/md0 
Tue Nov  5 17:58:22 UTC 2013: FailSpare /dev/md0 /dev/sdb1
Tue Nov  5 17:58:22 UTC 2013: Fail /dev/md1 /dev/sdb2
Tue Nov  5 17:59:03 UTC 2013: RebuildStarted /dev/md0 
Tue Nov  5 17:59:13 UTC 2013: RebuildFinished /dev/md0 
Tue Nov  5 17:59:14 UTC 2013: SpareActive /dev/md0 
Tue Nov  5 17:59:24 UTC 2013: RebuildFinished /dev/md1 
Tue Nov  5 17:59:24 UTC 2013: SpareActive /dev/md1 /dev/sdb2
Tue Nov  5 18:05:07 UTC 2013: Fail /dev/md0 
Tue Nov  5 18:05:07 UTC 2013: FailSpare /dev/md0 /dev/sdb1
Tue Nov  5 18:05:07 UTC 2013: Fail /dev/md1 /dev/sdb2
Tue Nov  5 18:14:31 UTC 2013: RebuildStarted /dev/md0 
Tue Nov  5 18:14:38 UTC 2013: Rebuild62 /dev/md0 
Tue Nov  5 18:14:41 UTC 2013: RebuildFinished /dev/md0 
Tue Nov  5 18:14:41 UTC 2013: SpareActive /dev/md0 
Tue Nov  5 18:14:51 UTC 2013: RebuildFinished /dev/md1 
Tue Nov  5 18:14:52 UTC 2013: SpareActive /dev/md1 /dev/sdb2
Tue Nov  5 18:18:27 UTC 2013: Fail /dev/md0 
Tue Nov  5 18:18:28 UTC 2013: FailSpare /dev/md0 /dev/sdb1
Tue Nov  5 18:18:28 UTC 2013: Fail /dev/md1 /dev/sdb2
Tue Nov  5 18:18:42 UTC 2013: RebuildStarted /dev/md0 
Tue Nov  5 18:18:54 UTC 2013: RebuildFinished /dev/md0 
Tue Nov  5 18:18:54 UTC 2013: SpareActive /dev/md0 
Tue Nov  5 18:18:57 UTC 2013: RebuildFinished /dev/md1 
Tue Nov  5 18:18:57 UTC 2013: SpareActive /dev/md1 /dev/sdb2
Tue Nov  5 18:48:38 UTC 2013: Fail /dev/md1 /dev/sdb2
Tue Nov  5 18:48:39 UTC 2013: Fail /dev/md0 
Tue Nov  5 18:48:39 UTC 2013: SpareActive /dev/md1 /dev/sdb2
Tue Nov  5 18:50:05 UTC 2013: RebuildStarted /dev/md0 
Tue Nov  5 18:50:15 UTC 2013: RebuildFinished /dev/md0 
Tue Nov  5 18:50:16 UTC 2013: SpareActive /dev/md0 
Tue Nov  5 18:50:22 UTC 2013: RebuildFinished /dev/md1 
Tue Nov  5 18:50:22 UTC 2013: SpareActive /dev/md1 /dev/sdb2
Tue Nov  5 18:51:47 UTC 2013: Fail /dev/md1 /dev/sdb2
Tue Nov  5 18:51:47 UTC 2013: Fail /dev/md0 
Tue Nov  5 18:51:48 UTC 2013: SpareActive /dev/md1 /dev/sdb2
Tue Nov  5 18:52:50 UTC 2013: RebuildStarted /dev/md0 
Tue Nov  5 18:53:00 UTC 2013: RebuildFinished /dev/md0 
Tue Nov  5 18:53:01 UTC 2013: SpareActive /dev/md0 
Tue Nov  5 18:53:09 UTC 2013: RebuildFinished /dev/md1 
Tue Nov  5 18:53:09 UTC 2013: SpareActive /dev/md1 /dev/sdb2
Tue Nov  5 18:53:36 UTC 2013: Fail /dev/md1 /dev/sdb2
Tue Nov  5 18:53:36 UTC 2013: Fail /dev/md0 
Tue Nov  5 18:53:37 UTC 2013: SpareActive /dev/md1 /dev/sdb2
Tue Nov  5 18:58:00 UTC 2013: RebuildStarted /dev/md0 
Tue Nov  5 18:58:10 UTC 2013: RebuildFinished /dev/md0 
Tue Nov  5 18:58:10 UTC 2013: SpareActive /dev/md0 
Tue Nov  5 18:58:20 UTC 2013: RebuildFinished /dev/md1 
Tue Nov  5 18:58:20 UTC 2013: SpareActive /dev/md1 /dev/sdb2
Tue Nov  5 18:59:57 UTC 2013: Fail /dev/md1 /dev/sdb2
Tue Nov  5 18:59:57 UTC 2013: Fail /dev/md0 
Tue Nov  5 18:59:58 UTC 2013: SpareActive /dev/md1 /dev/sdb2
Tue Nov  5 19:00:23 UTC 2013: RebuildStarted /dev/md0 
Tue Nov  5 19:00:33 UTC 2013: RebuildFinished /dev/md0 
Tue Nov  5 19:00:34 UTC 2013: SpareActive /dev/md0 
Tue Nov  5 19:00:36 UTC 2013: RebuildFinished /dev/md1 
Tue Nov  5 19:00:37 UTC 2013: SpareActive /dev/md1 /dev/sdb2
Tue Nov  5 19:01:09 UTC 2013: Fail /dev/md0 
Tue Nov  5 19:01:09 UTC 2013: FailSpare /dev/md0 /dev/sdb1
Tue Nov  5 19:01:09 UTC 2013: Fail /dev/md1 /dev/sdb2
Tue Nov  5 19:05:17 UTC 2013: DegradedArray /dev/md1 
Tue Nov  5 19:05:17 UTC 2013: DegradedArray /dev/md0 
Tue Nov  5 19:05:25 UTC 2013: RebuildStarted /dev/md0 
Tue Nov  5 19:05:35 UTC 2013: RebuildFinished /dev/md0 
Tue Nov  5 19:05:36 UTC 2013: SpareActive /dev/md0 
Tue Nov  5 19:05:52 UTC 2013: RebuildFinished /dev/md1 
Tue Nov  5 19:05:52 UTC 2013: SpareActive /dev/md1 /dev/sdb2
Tue Nov  5 19:08:26 UTC 2013: Fail /dev/md0 
Tue Nov  5 19:08:26 UTC 2013: FailSpare /dev/md0 /dev/sdb1
Tue Nov  5 19:08:26 UTC 2013: Fail /dev/md1 /dev/sdb2
Tue Nov  5 19:10:01 UTC 2013: RebuildStarted /dev/md0 
Tue Nov  5 19:10:11 UTC 2013: RebuildFinished /dev/md0 
Tue Nov  5 19:10:12 UTC 2013: SpareActive /dev/md0 
Tue Nov  5 19:10:19 UTC 2013: RebuildFinished /dev/md1 
Tue Nov  5 19:10:20 UTC 2013: SpareActive /dev/md1 /dev/sdb2
Tue Nov  5 19:10:23 UTC 2013: Fail /dev/md0 
Tue Nov  5 19:10:23 UTC 2013: FailSpare /dev/md0 /dev/sdb1
Tue Nov  5 19:10:23 UTC 2013: Fail /dev/md1 /dev/sdb2
Tue Nov  5 19:11:57 UTC 2013: RebuildStarted /dev/md0 
Tue Nov  5 19:12:07 UTC 2013: RebuildFinished /dev/md0 
Tue Nov  5 19:12:07 UTC 2013: SpareActive /dev/md0 
Tue Nov  5 19:12:16 UTC 2013: RebuildFinished /dev/md1 
Tue Nov  5 19:12:16 UTC 2013: SpareActive /dev/md1 /dev/sdb2
Wed Nov  6 13:09:35 UTC 2013: Fail /dev/md1 /dev/sdb2
Wed Nov  6 13:09:36 UTC 2013: SpareActive /dev/md1 /dev/sdc2
Wed Nov  6 13:09:36 UTC 2013: RebuildStarted /dev/md0 
Wed Nov  6 13:09:37 UTC 2013: Fail /dev/md0 
Wed Nov  6 13:09:46 UTC 2013: RebuildFinished /dev/md0 
Wed Nov  6 13:09:46 UTC 2013: SpareActive /dev/md0 
Wed Nov  6 13:09:48 UTC 2013: RebuildFinished /dev/md1 
Wed Nov  6 13:09:49 UTC 2013: SpareActive /dev/md1 /dev/sdc2
Wed Nov  6 13:32:25 UTC 2013: Fail /dev/md1 /dev/sdc2
Wed Nov  6 13:32:26 UTC 2013: Fail /dev/md0 
Wed Nov  6 13:32:26 UTC 2013: SpareActive /dev/md1 /dev/sdc2
Wed Nov  6 13:32:27 UTC 2013: RebuildStarted /dev/md0 
Wed Nov  6 13:32:38 UTC 2013: RebuildFinished /dev/md0 
Wed Nov  6 13:32:38 UTC 2013: SpareActive /dev/md0 
Wed Nov  6 13:32:41 UTC 2013: RebuildFinished /dev/md1 
Wed Nov  6 13:32:42 UTC 2013: SpareActive /dev/md1 /dev/sdb2
Wed Nov  6 15:04:37 UTC 2013: Fail /dev/md1 /dev/sdb2
Wed Nov  6 15:04:37 UTC 2013: Fail /dev/md0 
Wed Nov  6 15:04:38 UTC 2013: SpareActive /dev/md1 /dev/sdb2
Wed Nov  6 15:05:03 UTC 2013: RebuildStarted /dev/md0 
Wed Nov  6 15:05:14 UTC 2013: RebuildFinished /dev/md0 
Wed Nov  6 15:05:14 UTC 2013: SpareActive /dev/md0 
Wed Nov  6 15:05:23 UTC 2013: RebuildFinished /dev/md1 
Wed Nov  6 15:05:24 UTC 2013: SpareActive /dev/md1 /dev/sdb2
Wed Nov  6 15:05:58 UTC 2013: Fail /dev/md1 /dev/sdb2
Wed Nov  6 15:05:59 UTC 2013: Fail /dev/md0 
Wed Nov  6 15:05:59 UTC 2013: SpareActive /dev/md1 /dev/sdb2
Wed Nov  6 15:06:24 UTC 2013: RebuildStarted /dev/md0 
Wed Nov  6 15:06:35 UTC 2013: RebuildFinished /dev/md0 
Wed Nov  6 15:06:35 UTC 2013: SpareActive /dev/md0 
Wed Nov  6 15:06:44 UTC 2013: RebuildFinished /dev/md1 
Wed Nov  6 15:06:45 UTC 2013: SpareActive /dev/md1 /dev/sdb2
Wed Nov  6 15:11:26 UTC 2013: Fail /dev/md1 /dev/sdb2
Wed Nov  6 15:11:27 UTC 2013: Fail /dev/md0 
Wed Nov  6 15:11:28 UTC 2013: SpareActive /dev/md1 /dev/sdb2
Wed Nov  6 15:11:39 UTC 2013: RebuildStarted /dev/md0 
Wed Nov  6 15:11:49 UTC 2013: RebuildFinished /dev/md0 
Wed Nov  6 15:11:49 UTC 2013: SpareActive /dev/md0 
Wed Nov  6 15:11:52 UTC 2013: RebuildFinished /dev/md1 
Wed Nov  6 15:11:54 UTC 2013: SpareActive /dev/md1 /dev/sdb2
Wed Nov  6 15:12:26 UTC 2013: Fail /dev/md1 /dev/sdb2
Wed Nov  6 15:12:27 UTC 2013: Fail /dev/md0 
Wed Nov  6 15:12:27 UTC 2013: SpareActive /dev/md1 /dev/sdb2
Wed Nov  6 15:12:30 UTC 2013: RebuildStarted /dev/md0 
Wed Nov  6 15:12:41 UTC 2013: RebuildFinished /dev/md0 
Wed Nov  6 15:12:41 UTC 2013: SpareActive /dev/md0 
Wed Nov  6 15:12:44 UTC 2013: RebuildFinished /dev/md1 
Wed Nov  6 15:12:45 UTC 2013: SpareActive /dev/md1 /dev/sdb2
Wed Nov  6 15:17:46 UTC 2013: Fail /dev/md1 /dev/sdb2
Wed Nov  6 15:17:47 UTC 2013: Fail /dev/md0 
Wed Nov  6 15:17:48 UTC 2013: SpareActive /dev/md1 /dev/sdb2
Wed Nov  6 15:18:09 UTC 2013: RebuildStarted /dev/md0 
Wed Nov  6 15:18:20 UTC 2013: RebuildFinished /dev/md0 
Wed Nov  6 15:18:20 UTC 2013: SpareActive /dev/md0 
Wed Nov  6 15:18:28 UTC 2013: RebuildFinished /dev/md1 
Wed Nov  6 15:18:29 UTC 2013: SpareActive /dev/md1 /dev/sdb2
Wed Nov  6 15:20:18 UTC 2013: Fail /dev/md1 /dev/sdb2
Wed Nov  6 15:20:19 UTC 2013: Fail /dev/md0 
Wed Nov  6 15:20:19 UTC 2013: SpareActive /dev/md1 /dev/sdb2
Wed Nov  6 15:51:06 UTC 2013: RebuildStarted /dev/md0 
Wed Nov  6 15:51:16 UTC 2013: RebuildFinished /dev/md0 
Wed Nov  6 15:51:17 UTC 2013: SpareActive /dev/md0 
Wed Nov  6 15:51:26 UTC 2013: RebuildFinished /dev/md1 
Wed Nov  6 15:51:27 UTC 2013: SpareActive /dev/md1 /dev/sdb2
Wed Nov  6 15:53:18 UTC 2013: Fail /dev/md1 /dev/sdb2
Wed Nov  6 15:53:18 UTC 2013: Fail /dev/md0 
Wed Nov  6 15:53:19 UTC 2013: SpareActive /dev/md1 /dev/sdb2
Wed Nov  6 15:53:34 UTC 2013: RebuildStarted /dev/md0 
Wed Nov  6 15:53:44 UTC 2013: RebuildFinished /dev/md0 
Wed Nov  6 15:53:44 UTC 2013: SpareActive /dev/md0 
Wed Nov  6 15:53:47 UTC 2013: RebuildFinished /dev/md1 
Wed Nov  6 15:53:49 UTC 2013: SpareActive /dev/md1 /dev/sdb2
Wed Nov  6 15:54:08 UTC 2013: Fail /dev/md1 /dev/sdb2
Wed Nov  6 15:54:09 UTC 2013: Fail /dev/md0 
Wed Nov  6 15:54:09 UTC 2013: SpareActive /dev/md1 /dev/sdb2
Wed Nov  6 15:54:40 UTC 2013: RebuildStarted /dev/md0 
Wed Nov  6 15:54:51 UTC 2013: RebuildFinished /dev/md0 
Wed Nov  6 15:54:52 UTC 2013: SpareActive /dev/md0 
Wed Nov  6 15:54:56 UTC 2013: RebuildFinished /dev/md1 
Wed Nov  6 15:54:57 UTC 2013: SpareActive /dev/md1 /dev/sdb2
